->04/06/2021 10:33:25:061:Lê dados do .INI..
->04/06/2021 10:35:12:030:Lê dados do .INI..
->04/06/2021 10:35:43:274:Verificando existência de dados...
->04/06/2021 10:35:43:562:Executando PROCEDURE para atualizar valores....
->04/06/2021 10:36:13:896:Valores atualizados....
->04/06/2021 10:36:14:096:Seleciona valores para KPI Pagamentos....
->04/06/2021 10:36:14:105:Seleciona totais para KPI Pagamentos....
->04/06/2021 10:36:14:113:Vai para montagem do HTML...
->04/06/2021 10:36:16:345:Vai para enviar e-mail...
->04/06/2021 10:36:16:548:Envia e-mail...
->04/06/2021 10:44:37:180:Lê dados do .INI..
->04/06/2021 10:45:22:689:Verificando existência de dados...
->04/06/2021 10:45:22:899:Existe dados!!! Deleta-os...
->04/06/2021 10:45:23:103:Executando PROCEDURE para atualizar valores....
->04/06/2021 10:45:40:524:Valores atualizados....
->04/06/2021 10:45:40:715:Seleciona valores para KPI Pagamentos....
->04/06/2021 10:45:40:720:Seleciona totais para KPI Pagamentos....
->04/06/2021 10:45:40:723:Vai para montagem do HTML...
->04/06/2021 10:45:42:956:Vai para enviar e-mail...
->04/06/2021 10:45:43:160:Envia e-mail...
->04/06/2021 10:58:35:155:Lê dados do .INI..
->04/06/2021 10:59:19:950:Verificando existência de dados...
->04/06/2021 10:59:20:185:Existe dados!!! Deleta-os...
->04/06/2021 10:59:20:386:Executando PROCEDURE para atualizar valores....
->04/06/2021 10:59:39:175:Valores atualizados....
->04/06/2021 10:59:39:379:Seleciona valores para KPI Pagamentos....
->04/06/2021 10:59:39:391:Seleciona totais para KPI Pagamentos....
->04/06/2021 10:59:39:396:Vai para montagem do HTML...
->04/06/2021 10:59:41:630:Vai para enviar e-mail...
->04/06/2021 10:59:41:833:Envia e-mail...
->04/06/2021 11:02:13:621:Lê dados do .INI..
->04/06/2021 11:02:13:626:Verificando existência de dados...
->04/06/2021 11:02:13:837:Existe dados!!! Deleta-os...
->04/06/2021 11:02:14:038:Executando PROCEDURE para atualizar valores....
->04/06/2021 11:02:31:221:Valores atualizados....
->04/06/2021 11:02:31:426:Seleciona valores para KPI Pagamentos....
->04/06/2021 11:02:31:430:Seleciona totais para KPI Pagamentos....
->04/06/2021 11:02:31:433:Vai para montagem do HTML...
->04/06/2021 11:02:33:660:Vai para enviar e-mail...
->04/06/2021 11:02:33:863:Envia e-mail...
->04/06/2021 11:46:57:125:Lê dados do .INI..
->04/06/2021 11:46:57:132:Verificando existência de dados...
->04/06/2021 11:46:57:336:Existe dados!!! Deleta-os...
->04/06/2021 11:46:57:534:Executando PROCEDURE para atualizar valores....
->04/06/2021 11:47:22:349:Valores atualizados....
->04/06/2021 11:47:22:552:Seleciona valores para KPI Pagamentos....
->04/06/2021 11:47:22:557:Seleciona totais para KPI Pagamentos....
->04/06/2021 11:47:22:561:Vai para montagem do HTML...
->04/06/2021 11:47:24:788:Vai para enviar e-mail...
->04/06/2021 11:47:24:991:Envia e-mail...
->04/06/2021 11:50:38:368:Lê dados do .INI..
->04/06/2021 11:50:38:375:Verificando existência de dados...
->04/06/2021 11:50:38:597:Existe dados!!! Deleta-os...
->04/06/2021 11:50:38:792:Executando PROCEDURE para atualizar valores....
->04/06/2021 11:51:03:609:Valores atualizados....
->04/06/2021 11:51:03:809:Seleciona valores para KPI Pagamentos....
->04/06/2021 11:51:03:813:Seleciona totais para KPI Pagamentos....
->04/06/2021 11:51:03:817:Vai para montagem do HTML...
->04/06/2021 11:51:06:043:Vai para enviar e-mail...
->04/06/2021 11:51:06:246:Envia e-mail...
->04/06/2021 11:55:03:411:Lê dados do .INI..
->04/06/2021 11:55:03:417:Verificando existência de dados...
->04/06/2021 11:55:03:632:Existe dados!!! Deleta-os...
->04/06/2021 11:55:03:843:Executando PROCEDURE para atualizar valores....
->04/06/2021 11:55:26:784:Valores atualizados....
->04/06/2021 11:55:26:982:Seleciona valores para KPI Pagamentos....
->04/06/2021 11:55:26:988:Seleciona totais para KPI Pagamentos....
->04/06/2021 11:55:26:997:Vai para montagem do HTML...
->04/06/2021 11:55:29:233:Vai para enviar e-mail...
->04/06/2021 11:55:29:436:Envia e-mail...
->04/06/2021 11:58:29:536:Lê dados do .INI..
->04/06/2021 11:58:29:544:Verificando existência de dados...
->04/06/2021 11:58:29:757:Existe dados!!! Deleta-os...
->04/06/2021 11:58:29:957:Executando PROCEDURE para atualizar valores....
->04/06/2021 11:58:55:652:Valores atualizados....
->04/06/2021 11:58:55:847:Seleciona valores para KPI Pagamentos....
->04/06/2021 11:58:55:852:Seleciona totais para KPI Pagamentos....
->04/06/2021 11:58:55:857:Vai para montagem do HTML...
->04/06/2021 11:58:58:081:Vai para enviar e-mail...
->04/06/2021 11:58:58:284:Envia e-mail...
->08/06/2021 17:34:47:647:Lê dados do .INI..
->08/06/2021 17:34:47:656:Verificando existência de dados...
->08/06/2021 17:34:47:863:Existe dados!!! Deleta-os...
->08/06/2021 17:34:48:064:Executando PROCEDURE para atualizar valores....
->08/06/2021 17:35:41:521:Lê dados do .INI..
->08/06/2021 17:35:41:528:Verificando existência de dados...
->08/06/2021 17:35:41:747:Executando PROCEDURE para atualizar valores....
->08/06/2021 17:44:35:506:Lê dados do .INI..
->08/06/2021 17:44:35:514:Verificando existência de dados...
->08/06/2021 17:44:35:726:Executando PROCEDURE para atualizar valores....
->09/06/2021 08:04:51:724:Valores atualizados....
->09/06/2021 08:04:51:929:Seleciona valores para KPI Pagamentos....
->09/06/2021 08:04:51:962:Seleciona totais para KPI Pagamentos....
->09/06/2021 08:04:51:968:Vai para montagem do HTML...
->09/06/2021 08:04:54:193:Vai para enviar e-mail...
->09/06/2021 08:04:54:398:Envia e-mail...
->09/06/2021 08:12:50:721:Lê dados do .INI..
->09/06/2021 08:13:13:504:Lê dados do .INI..
->09/06/2021 08:14:08:049:Lê dados do .INI..
->09/06/2021 08:14:35:887:Lê dados do .INI..
->09/06/2021 08:14:35:895:Verificando existência de dados...
->09/06/2021 08:14:36:116:Existe dados!!! Deleta-os...
->09/06/2021 08:14:36:329:Executando PROCEDURE para atualizar valores....
->09/06/2021 08:16:48:778:Valores atualizados....
->09/06/2021 08:16:48:978:Seleciona valores para KPI Pagamentos....
->09/06/2021 08:16:48:983:Seleciona totais para KPI Pagamentos....
->09/06/2021 08:16:48:987:Vai para montagem do HTML...
->09/06/2021 08:16:51:213:Vai para enviar e-mail...
->09/06/2021 08:16:51:417:Envia e-mail...
