---->25/05/2022 08:41:55:763:entrou no gera email
---->25/05/2022 08:48:37:568:entrou no gera email
---->25/05/2022 09:01:55:420:entrou no gera email
---->25/05/2022 09:08:37:003:Enviando Email Para: atendimentoti@grazziotin.com.br
---->25/05/2022 09:09:44:423:entrou no gera email
---->25/05/2022 09:10:26:912:EFDException - [FireDAC][Phys][Ora]-308. Cannot open / define command, which does not return result sets. Hint: use Execute / ExecSQL method for non-SELECT commands
---->25/05/2022 09:10:38:036:entrou no gera email
---->25/05/2022 09:10:40:329:Enviando Email Para: atendimentoti@grazziotin.com.br
---->25/05/2022 09:18:39:351:entrou no gera email
---->25/05/2022 09:21:12:773:EFDException - [FireDAC][Phys][Ora]-308. Cannot open / define command, which does not return result sets. Hint: use Execute / ExecSQL method for non-SELECT commands
---->25/05/2022 09:27:07:676:entrou no gera email
---->25/05/2022 09:27:37:518:EFDException - [FireDAC][Phys][Ora]-308. Cannot open / define command, which does not return result sets. Hint: use Execute / ExecSQL method for non-SELECT commands
---->25/05/2022 09:27:51:971:entrou no gera email
---->25/05/2022 09:27:56:843:Enviando Email Para: atendimentoti@grazziotin.com.br
---->25/05/2022 09:34:25:061:entrou no gera email
---->25/05/2022 09:34:57:382:EFDException - [FireDAC][Phys][Ora]-308. Cannot open / define command, which does not return result sets. Hint: use Execute / ExecSQL method for non-SELECT commands
---->25/05/2022 09:36:09:674:entrou no gera email
---->25/05/2022 09:38:00:079:entrou no gera email
---->25/05/2022 09:38:11:526:EFDException - [FireDAC][Phys][Ora]-308. Cannot open / define command, which does not return result sets. Hint: use Execute / ExecSQL method for non-SELECT commands
---->25/05/2022 09:43:10:769:entrou no gera email
---->25/05/2022 09:43:39:826:EFDException - [FireDAC][Phys][Ora]-308. Cannot open / define command, which does not return result sets. Hint: use Execute / ExecSQL method for non-SELECT commands
---->25/05/2022 09:45:53:555:entrou no gera email
---->25/05/2022 09:46:07:528:EFDException - [FireDAC][Phys][Ora]-308. Cannot open / define command, which does not return result sets. Hint: use Execute / ExecSQL method for non-SELECT commands
---->25/05/2022 09:46:43:969:entrou no gera email
---->25/05/2022 09:47:18:936:entrou no gera email
---->25/05/2022 09:48:19:476:Enviando Email Para: atendimentoti@grazziotin.com.br
---->25/05/2022 09:49:59:784:entrou no gera email
---->25/05/2022 09:51:06:914:Enviando Email Para: atendimentoti@grazziotin.com.br
---->25/05/2022 11:25:01:331:entrou no gera email
---->25/05/2022 11:25:26:908:Enviando Email Para: atendimentoti@grazziotin.com.br
---->25/05/2022 15:38:48:408:entrou no gera email
---->25/05/2022 15:39:06:107:EOCINativeException - [FireDAC][Phys][Ora] ORA-00904: "VDA"."VLR_VENDA_JA": invalid identifier
---->25/05/2022 15:39:06:127:entrou no gera email
---->25/05/2022 15:39:08:055:Enviando Email Para: atendimentoti@grazziotin.com.br
---->25/05/2022 15:45:35:769:entrou no gera email
---->25/05/2022 15:45:49:022:EOCINativeException - [FireDAC][Phys][Ora] ORA-00904: "VDA"."VLR_VENDA_JA": invalid identifier
---->25/05/2022 15:45:49:042:entrou no gera email
---->25/05/2022 15:45:49:088:Enviando Email Para: atendimentoti@grazziotin.com.br
---->25/05/2022 16:30:31:200:entrou no gera email
---->25/05/2022 16:31:06:441:entrou no gera email
---->25/05/2022 16:31:06:483:Enviando Email Para: atendimentoti@grazziotin.com.br
---->25/05/2022 16:40:07:921:entrou no gera email
---->26/05/2022 09:06:54:159:entrou no gera email
---->26/05/2022 09:07:55:544:entrou no gera email
---->26/05/2022 09:07:57:351:Enviando Email Para: atendimentoti@grazziotin.com.br
---->26/05/2022 09:08:11:556:entrou no gera email
---->26/05/2022 09:09:06:217:Enviando Email Para: atendimentoti@grazziotin.com.br
---->26/05/2022 09:09:06:218:entrou no gera email
---->26/05/2022 09:09:06:258:Enviando Email Para: atendimentoti@grazziotin.com.br
---->26/05/2022 09:09:21:766:entrou no gera email
---->26/05/2022 09:11:18:658:Enviando Email Para: atendimentoti@grazziotin.com.br
---->26/05/2022 09:11:19:764:entrou no gera email
---->26/05/2022 09:11:19:800:Enviando Email Para: atendimentoti@grazziotin.com.br
---->26/05/2022 09:13:32:844:entrou no gera email
---->26/05/2022 09:14:54:146:EFDException - [FireDAC][Phys]-321. Character [(] is missed
---->26/05/2022 09:14:54:167:entrou no gera email
---->26/05/2022 09:14:54:268:Enviando Email Para: atendimentoti@grazziotin.com.br
---->26/05/2022 09:24:04:830:entrou no gera email
---->26/05/2022 09:25:10:836:EFDException - [FireDAC][Phys]-321. Character [(] is missed
---->26/05/2022 09:28:10:727:entrou no gera email
---->26/05/2022 09:31:18:620:EFDException - [FireDAC][Phys]-321. Character [(] is missed
---->26/05/2022 09:32:03:728:entrou no gera email
---->26/05/2022 09:33:16:952:EFDException - [FireDAC][Phys]-321. Character [(] is missed
---->26/05/2022 09:35:02:634:entrou no gera email
---->26/05/2022 09:36:22:417:EFDException - [FireDAC][Phys]-321. Character [(] is missed
---->26/05/2022 09:37:28:544:entrou no gera email
---->26/05/2022 09:40:49:871:entrou no gera email
---->26/05/2022 09:45:46:931:entrou no gera email
---->26/05/2022 09:49:12:928:entrou no gera email
---->26/05/2022 09:51:22:664:Enviando Email Para: atendimentoti@grazziotin.com.br
---->26/05/2022 10:45:57:758:entrou no gera email
---->26/05/2022 10:47:09:797:Enviando Email Para: atendimentoti@grazziotin.com.br
---->26/05/2022 10:48:13:687:entrou no gera email
---->26/05/2022 10:49:18:334:Enviando Email Para: atendimentoti@grazziotin.com.br
---->26/05/2022 10:49:18:337:entrou no gera email
---->26/05/2022 10:54:52:049:entrou no gera email
---->26/05/2022 10:55:59:658:Enviando Email Para: atendimentoti@grazziotin.com.br
---->26/05/2022 10:55:59:662:entrou no gera email
---->26/05/2022 10:58:56:400:entrou no gera email
---->26/05/2022 11:01:59:707:Enviando Email Para: atendimentoti@grazziotin.com.br
---->26/05/2022 11:02:02:069:entrou no gera email
---->26/05/2022 13:42:46:264:entrou no gera email
---->26/05/2022 13:44:41:176:Enviando Email Para: atendimentoti@grazziotin.com.br
---->26/05/2022 13:44:47:842:entrou no gera email
---->26/05/2022 13:46:20:500:Enviando Email Para: atendimentoti@grazziotin.com.br
---->26/05/2022 13:56:45:462:entrou no gera email
---->26/05/2022 13:58:26:663:Exception - SMTP Error: Unable to send MailTo.
501 5.1.3 Bad recipient address syntax
---->26/05/2022 13:58:50:129:entrou no gera email
---->26/05/2022 14:00:57:122:Exception - SMTP Error: Unable to send MailTo.
501 5.1.3 Bad recipient address syntax
---->26/05/2022 14:02:00:606:entrou no gera email
---->26/05/2022 14:03:38:124:Enviando Email Para: atendimentoti@grazziotin.com.br
---->26/05/2022 14:03:41:201:entrou no gera email
---->26/05/2022 14:07:41:056:Enviando Email Para: atendimentoti@grazziotin.com.br
---->26/05/2022 14:10:24:017:entrou no gera email
---->26/05/2022 14:11:52:130:Enviando Email Para: atendimentoti@grazziotin.com.br
---->26/05/2022 14:11:54:248:entrou no gera email
---->26/05/2022 14:13:52:705:entrou no gera email
---->26/05/2022 14:15:16:689:Enviando Email Para: atendimentoti@grazziotin.com.br
---->26/05/2022 14:15:18:915:entrou no gera email
---->26/05/2022 14:17:07:931:Exception - SMTP Error: Unable to send MailTo.
501 5.1.3 Bad recipient address syntax
---->26/05/2022 14:18:31:372:entrou no gera email
---->26/05/2022 14:19:53:496:Enviando Email Para: atendimentoti@grazziotin.com.br
---->26/05/2022 14:19:58:935:entrou no gera email
---->26/05/2022 14:22:29:764:Enviando Email Para: atendimentoti@grazziotin.com.br
---->26/05/2022 14:24:25:762:entrou no gera email
---->26/05/2022 14:25:30:370:Exception - SMTP Error: Unable to send MailTo.
501 5.1.3 Bad recipient address syntax
---->26/05/2022 14:25:32:307:entrou no gera email
---->26/05/2022 14:26:38:655:Exception - SMTP Error: Unable to send MailTo.
501 5.1.3 Bad recipient address syntax
---->26/05/2022 14:27:12:697:entrou no gera email
---->26/05/2022 14:29:06:030:entrou no gera email
---->26/05/2022 14:30:23:138:Enviando Email Para: atendimentoti@grazziotin.com.br
---->26/05/2022 14:30:25:668:entrou no gera email
---->26/05/2022 14:31:52:799:Enviando Email Para: atendimentoti@grazziotin.com.br
---->26/05/2022 14:53:19:018:entrou no gera email
---->26/05/2022 14:54:16:428:Exception - SMTP Error: Unable to send MailTo.
501 5.1.3 Bad recipient address syntax
---->26/05/2022 14:54:44:562:entrou no gera email
---->26/05/2022 14:55:48:326:Enviando Email Para: atendimentoti@grazziotin.com.br
---->26/05/2022 14:56:35:659:entrou no gera email
---->26/05/2022 14:57:56:280:Exception - SMTP Error: Unable to send MailTo.
501 5.1.3 Bad recipient address syntax
---->26/05/2022 14:57:58:740:entrou no gera email
---->26/05/2022 14:59:05:650:Exception - SMTP Error: Unable to send MailTo.
501 5.1.3 Bad recipient address syntax
---->26/05/2022 14:59:49:333:entrou no gera email
---->26/05/2022 15:01:10:488:Enviando Email Para: atendimentoti@grazziotin.com.br
---->26/05/2022 15:01:13:890:entrou no gera email
---->26/05/2022 15:03:28:079:Enviando Email Para: atendimentoti@grazziotin.com.br
---->26/05/2022 15:08:55:401:entrou no gera email
---->26/05/2022 15:09:59:981:Exception - SMTP Error: Unable to send MailTo.
501 5.1.3 Bad recipient address syntax
---->26/05/2022 15:10:02:104:entrou no gera email
---->26/05/2022 15:12:01:903:entrou no gera email
---->26/05/2022 15:13:06:594:Exception - SMTP Error: Unable to send MailTo.
501 5.1.3 Bad recipient address syntax
---->26/05/2022 15:13:07:858:entrou no gera email
---->26/05/2022 15:14:13:053:Exception - SMTP Error: Unable to send MailTo.
501 5.1.3 Bad recipient address syntax
---->26/05/2022 15:14:59:043:entrou no gera email
---->26/05/2022 15:15:58:995:Exception - SMTP Error: Unable to send MailTo.
501 5.1.3 Bad recipient address syntax
---->26/05/2022 15:16:07:746:entrou no gera email
---->26/05/2022 15:17:18:974:Exception - SMTP Error: Unable to send MailTo.
501 5.1.3 Bad recipient address syntax
---->26/05/2022 15:18:14:358:entrou no gera email
---->26/05/2022 15:19:13:340:Enviando Email Para: atendimentoti@grazziotin.com.br
---->26/05/2022 15:19:16:383:entrou no gera email
---->26/05/2022 15:20:17:954:Enviando Email Para: atendimentoti@grazziotin.com.br
---->26/05/2022 15:27:10:390:entrou no gera email
---->26/05/2022 15:28:05:720:Enviando Email Para: atendimentoti@grazziotin.com.br
---->26/05/2022 15:28:05:724:entrou no gera email
---->26/05/2022 15:29:02:209:Enviando Email Para: atendimentoti@grazziotin.com.br
---->26/05/2022 15:48:47:769:entrou no gera email
---->26/05/2022 15:49:50:827:Exception - SMTP Error: Unable to send MailTo.
501 5.1.3 Bad recipient address syntax
---->26/05/2022 15:49:50:828:entrou no gera email
---->26/05/2022 15:50:50:364:EDatabaseError - qryLojas: Cannot perform this operation on a closed dataset
---->26/05/2022 15:51:23:528:entrou no gera email
---->26/05/2022 15:52:30:345:Enviando Email Para: atendimentoti@grazziotin.com.br
---->26/05/2022 15:52:30:350:entrou no gera email
---->26/05/2022 15:53:33:580:EDatabaseError - qryLojas: Cannot perform this operation on a closed dataset
---->26/05/2022 15:55:17:735:entrou no gera email
---->26/05/2022 15:56:26:642:Enviando Email Para: atendimentoti@grazziotin.com.br
---->26/05/2022 15:56:26:643:entrou no gera email
---->26/05/2022 15:57:36:257:Exception - SMTP Error: Unable to send MailTo.
501 5.1.3 Bad recipient address syntax
---->26/05/2022 15:58:56:677:entrou no gera email
---->26/05/2022 16:00:11:947:Enviando Email Para: atendimentoti@grazziotin.com.br
---->26/05/2022 16:00:11:948:entrou no gera email
---->26/05/2022 16:01:28:107:Enviando Email Para: atendimentoti@grazziotin.com.br
---->26/05/2022 16:22:58:243:entrou no gera email
---->26/05/2022 16:24:03:358:Exception - SMTP Error: Unable to send MailTo.
501 5.1.3 Bad recipient address syntax
---->26/05/2022 16:24:03:359:entrou no gera email
---->26/05/2022 16:25:12:498:Exception - SMTP Error: Unable to send MailTo.
501 5.1.3 Bad recipient address syntax
---->26/05/2022 16:25:34:599:entrou no gera email
---->26/05/2022 16:26:42:780:Enviando Email Para: atendimentoti@grazziotin.com.br
---->26/05/2022 16:26:42:781:entrou no gera email
---->26/05/2022 16:27:50:015:Enviando Email Para: atendimentoti@grazziotin.com.br
---->27/05/2022 08:22:20:386:entrou no gera email
---->27/05/2022 08:23:33:022:EDatabaseError - qryLojas: Field 'Vda Loja' not found
---->27/05/2022 08:23:33:044:entrou no gera email
---->27/05/2022 08:26:37:191:Enviando Email Para: atendimentoti@grazziotin.com.br
---->27/05/2022 08:41:40:985:entrou no gera email
---->27/05/2022 08:43:22:410:EDatabaseError - qryLojas: Field 'Vda Loja' not found
---->27/05/2022 08:43:48:243:entrou no gera email
---->27/05/2022 08:50:50:026:entrou no gera email
---->27/05/2022 08:52:25:969:Enviando Email Para: atendimentoti@grazziotin.com.br
---->27/05/2022 08:52:27:988:entrou no gera email
---->27/05/2022 08:53:23:722:Enviando Email Para: atendimentoti@grazziotin.com.br
---->27/05/2022 08:59:58:586:entrou no gera email
---->27/05/2022 09:01:34:572:Exception - SMTP Error: Unable to send MailTo.
501 5.1.3 Bad recipient address syntax
---->27/05/2022 09:02:18:964:entrou no gera email
---->27/05/2022 09:05:43:806:entrou no gera email
---->27/05/2022 09:08:32:721:entrou no gera email
---->27/05/2022 09:20:38:021:entrou no gera email
---->27/05/2022 09:35:16:840:entrou no gera email
---->27/05/2022 10:02:44:138:entrou no gera email
---->27/05/2022 10:03:58:408:EOCINativeException - [FireDAC][Phys][Ora] ORA-01747: invalid user.table.column, table.column, or column specification
---->27/05/2022 10:04:00:458:entrou no gera email
---->27/05/2022 10:05:14:259:EOCINativeException - [FireDAC][Phys][Ora] ORA-01747: invalid user.table.column, table.column, or column specification
---->27/05/2022 10:05:54:053:entrou no gera email
---->27/05/2022 10:06:33:082:entrou no gera email
---->27/05/2022 10:08:19:677:EOCINativeException - [FireDAC][Phys][Ora] ORA-01747: invalid user.table.column, table.column, or column specification
---->27/05/2022 10:08:21:342:entrou no gera email
---->27/05/2022 10:10:23:862:EOCINativeException - [FireDAC][Phys][Ora] ORA-01747: invalid user.table.column, table.column, or column specification
---->27/05/2022 10:11:00:124:entrou no gera email
---->27/05/2022 10:12:19:067:Enviando Email Para: atendimentoti@grazziotin.com.br
---->27/05/2022 10:12:22:104:entrou no gera email
---->27/05/2022 10:13:38:761:Enviando Email Para: atendimentoti@grazziotin.com.br
---->27/05/2022 10:15:39:438:entrou no gera email
---->27/05/2022 10:16:52:124:Exception - SMTP Error: Unable to send MailTo.
501 5.1.3 Bad recipient address syntax
---->27/05/2022 10:17:00:522:entrou no gera email
---->27/05/2022 10:17:46:231:entrou no gera email
---->27/05/2022 10:33:25:843:entrou no gera email
---->27/05/2022 10:35:17:359:entrou no gera email
---->27/05/2022 10:36:30:613:EOCINativeException - [FireDAC][Phys][Ora] ORA-00933: SQL command not properly ended
---->27/05/2022 10:36:32:227:entrou no gera email
---->27/05/2022 10:37:58:861:entrou no gera email
---->27/05/2022 10:39:52:663:EOCINativeException - [FireDAC][Phys][Ora] ORA-00933: SQL command not properly ended
---->27/05/2022 10:39:54:733:entrou no gera email
---->27/05/2022 10:41:01:592:entrou no gera email
---->27/05/2022 10:42:12:284:EOCINativeException - [FireDAC][Phys][Ora] ORA-01461: can bind a LONG value only for insert into a LONG column
---->27/05/2022 10:42:13:201:entrou no gera email
---->27/05/2022 10:43:20:997:entrou no gera email
---->27/05/2022 10:44:42:853:Enviando Email Para: atendimentoti@grazziotin.com.br
---->27/05/2022 10:44:43:839:entrou no gera email
---->27/05/2022 10:46:16:798:entrou no gera email
---->27/05/2022 10:48:14:431:Enviando Email Para: atendimentoti@grazziotin.com.br
---->27/05/2022 10:48:15:538:entrou no gera email
---->27/05/2022 10:49:36:751:Enviando Email Para: atendimentoti@grazziotin.com.br
---->27/05/2022 10:49:46:397:entrou no gera email
---->27/05/2022 10:51:31:858:Exception - SMTP Error: Unable to send MailTo.
501 5.1.3 Bad recipient address syntax
---->27/05/2022 10:51:33:240:entrou no gera email
---->27/05/2022 14:08:41:567:entrou no gera email
---->27/05/2022 14:09:57:019:Exception - SMTP Error: Unable to send MailTo.
501 5.1.3 Bad recipient address syntax
---->27/05/2022 14:12:44:867:entrou no gera email
---->27/05/2022 14:13:46:550:Enviando Email Para: atendimentoti@grazziotin.com.br
---->27/05/2022 14:15:02:924:entrou no gera email
---->27/05/2022 14:16:28:959:Enviando Email Para: atendimentoti@grazziotin.com.br
---->27/05/2022 14:16:30:798:entrou no gera email
---->27/05/2022 14:17:49:195:Enviando Email Para: atendimentoti@grazziotin.com.br
---->27/05/2022 14:21:52:799:entrou no gera email
---->27/05/2022 14:23:00:588:Enviando Email Para: atendimentoti@grazziotin.com.br
---->27/05/2022 14:23:03:764:entrou no gera email
---->27/05/2022 14:24:14:619:Enviando Email Para: atendimentoti@grazziotin.com.br
---->27/05/2022 14:26:09:917:entrou no gera email
---->27/05/2022 14:27:38:002:Enviando Email Para: atendimentoti@grazziotin.com.br
---->27/05/2022 14:27:39:383:entrou no gera email
---->27/05/2022 14:28:41:859:Enviando Email Para: atendimentoti@grazziotin.com.br
---->27/05/2022 14:57:15:088:entrou no gera email
---->27/05/2022 14:58:29:749:Exception - SMTP Error: Unable to send MailTo.
501 5.1.3 Bad recipient address syntax
---->27/05/2022 14:59:27:741:entrou no gera email
---->27/05/2022 15:00:38:462:Enviando Email Para: atendimentoti@grazziotin.com.br
---->27/05/2022 15:00:40:429:entrou no gera email
---->27/05/2022 15:01:36:888:Enviando Email Para: atendimentoti@grazziotin.com.br
---->27/05/2022 15:51:40:614:entrou no gera email
---->27/05/2022 15:55:55:740:entrou no gera email
---->27/05/2022 15:56:18:941:entrou no gera email
---->27/05/2022 15:57:33:254:Exception - SMTP Error: Unable to send MailTo.
501 5.1.3 Bad recipient address syntax
---->27/05/2022 16:12:27:177:entrou no gera email
---->27/05/2022 16:13:37:322:Enviando Email Para: atendimentoti@grazziotin.com.br
---->27/05/2022 16:13:41:194:entrou no gera email
---->27/05/2022 16:14:47:571:Enviando Email Para: atendimentoti@grazziotin.com.br
---->27/05/2022 17:09:36:139:entrou no gera email
---->27/05/2022 17:11:06:910:Enviando Email Para: atendimentoti@grazziotin.com.br
---->27/05/2022 17:11:08:454:entrou no gera email
---->27/05/2022 17:14:24:984:entrou no gera email
---->27/05/2022 17:15:48:318:Enviando Email Para: atendimentoti@grazziotin.com.br
---->27/05/2022 17:15:50:457:entrou no gera email
---->27/05/2022 17:17:17:991:entrou no gera email
---->27/05/2022 17:19:01:079:Exception - SMTP Error: Unable to send MailTo.
501 5.1.3 Bad recipient address syntax
---->27/05/2022 17:19:02:241:entrou no gera email
---->27/05/2022 17:25:50:123:entrou no gera email
---->27/05/2022 17:27:13:138:Exception - SMTP Error: Unable to send MailTo.
501 5.1.3 Bad recipient address syntax
---->27/05/2022 17:29:23:786:entrou no gera email
---->27/05/2022 17:30:08:960:entrou no gera email
---->30/05/2022 08:54:54:736:entrou no gera email
---->30/05/2022 15:39:45:709:entrou no gera email
---->30/05/2022 15:41:25:160:Enviando Email Para: atendimentoti@grazziotin.com.br
---->30/05/2022 15:41:25:165:entrou no gera email
---->30/05/2022 15:42:50:370:Enviando Email Para: atendimentoti@grazziotin.com.br
---->30/05/2022 15:55:19:733:entrou no gera email
---->30/05/2022 16:01:31:411:entrou no gera email
---->30/05/2022 16:02:15:347:entrou no gera email
---->30/05/2022 16:03:21:922:entrou no gera email
---->30/05/2022 16:12:54:304:entrou no gera email
---->30/05/2022 16:29:54:703:entrou no gera email
---->30/05/2022 16:30:53:731:entrou no gera email
---->30/05/2022 16:32:46:914:EDatabaseError - qryLojas: Field 'Dia_1' not found
---->30/05/2022 16:33:47:204:entrou no gera email
---->30/05/2022 16:35:10:960:EDatabaseError - qryLojas: Field 'Dia_1' not found
---->30/05/2022 16:35:51:639:entrou no gera email
---->30/05/2022 16:36:09:701:entrou no gera email
---->30/05/2022 16:39:09:385:entrou no gera email
---->30/05/2022 16:40:53:840:Enviando Email Para: atendimentoti@grazziotin.com.br
---->30/05/2022 16:44:18:915:entrou no gera email
---->30/05/2022 16:52:11:327:Enviando Email Para: atendimentoti@grazziotin.com.br
---->30/05/2022 16:54:07:563:entrou no gera email
---->30/05/2022 16:55:47:778:Enviando Email Para: atendimentoti@grazziotin.com.br
---->30/05/2022 17:04:32:696:entrou no gera email
---->30/05/2022 17:05:44:398:entrou no gera email
---->30/05/2022 17:06:12:723:entrou no gera email
---->30/05/2022 17:08:02:784:Exception - SMTP Error: Unable to send MailTo.
501 5.1.3 Bad recipient address syntax
---->30/05/2022 17:08:30:345:entrou no gera email
---->30/05/2022 17:09:53:146:Enviando Email Para: atendimentoti@grazziotin.com.br
---->30/05/2022 17:12:59:292:entrou no gera email
---->30/05/2022 17:14:20:765:Enviando Email Para: atendimentoti@grazziotin.com.br
---->30/05/2022 17:15:23:066:entrou no gera email
---->30/05/2022 17:16:49:210:Enviando Email Para: atendimentoti@grazziotin.com.br
---->30/05/2022 17:18:20:468:entrou no gera email
---->30/05/2022 17:19:47:151:Exception - SMTP Error: Unable to send MailTo.
501 5.1.3 Bad recipient address syntax
---->30/05/2022 17:20:35:281:entrou no gera email
---->30/05/2022 17:21:56:510:Enviando Email Para: atendimentoti@grazziotin.com.br
---->30/05/2022 17:23:08:680:entrou no gera email
---->30/05/2022 17:24:28:034:Exception - SMTP Error: Unable to send MailTo.
501 5.1.3 Bad recipient address syntax
---->30/05/2022 17:25:44:877:entrou no gera email
---->30/05/2022 17:27:21:966:Enviando Email Para: atendimentoti@grazziotin.com.br
---->31/05/2022 08:53:32:786:entrou no gera email
---->31/05/2022 08:55:03:662:Enviando Email Para: atendimentoti@grazziotin.com.br
---->31/05/2022 09:02:10:532:entrou no gera email
---->31/05/2022 09:03:49:568:Enviando Email Para: atendimentoti@grazziotin.com.br
---->31/05/2022 09:18:21:698:entrou no gera email
---->31/05/2022 09:20:29:553:Enviando Email Para: atendimentoti@grazziotin.com.br
---->31/05/2022 09:21:36:831:entrou no gera email
---->31/05/2022 09:22:08:494:entrou no gera email
---->31/05/2022 09:24:43:121:Enviando Email Para: atendimentoti@grazziotin.com.br
---->31/05/2022 09:27:44:560:entrou no gera email
---->31/05/2022 09:28:22:437:entrou no gera email
---->31/05/2022 09:40:15:490:entrou no gera email
---->31/05/2022 09:42:06:176:Enviando Email Para: atendimentoti@grazziotin.com.br
---->31/05/2022 09:42:30:913:entrou no gera email
---->31/05/2022 09:44:57:097:entrou no gera email
---->31/05/2022 09:46:13:482:Exception - SMTP Error: Unable to send MailTo.
501 5.1.3 Bad recipient address syntax
---->31/05/2022 09:46:58:643:entrou no gera email
---->31/05/2022 09:48:27:348:Enviando Email Para: atendimentoti@grazziotin.com.br
---->31/05/2022 10:51:08:671:entrou no gera email
---->31/05/2022 10:52:42:515:entrou no gera email
---->31/05/2022 10:54:40:204:EDatabaseError - qryLojas: Field 'Vda Loja_16' not found
---->31/05/2022 10:55:38:075:entrou no gera email
---->31/05/2022 10:57:45:315:EDatabaseError - qryLojas: Field 'Vda Loja_16' not found
---->31/05/2022 10:57:54:760:entrou no gera email
---->31/05/2022 11:01:05:693:EDatabaseError - qryLojas: Field 'Vda Loja_16' not found
---->31/05/2022 11:01:34:463:entrou no gera email
---->31/05/2022 11:03:55:805:Enviando Email Para: atendimentoti@grazziotin.com.br
---->31/05/2022 11:58:01:688:entrou no gera email
---->31/05/2022 12:01:32:281:Enviando Email Para: atendimentoti@grazziotin.com.br
---->31/05/2022 12:03:06:043:entrou no gera email
---->31/05/2022 12:04:41:047:EDatabaseError - qryLojas: Field 'Vda Loja_16' not found
---->31/05/2022 12:05:41:192:entrou no gera email
---->31/05/2022 12:07:17:017:Enviando Email Para: atendimentoti@grazziotin.com.br
---->31/05/2022 13:31:07:058:entrou no gera email
---->31/05/2022 13:41:52:117:entrou no gera email
---->31/05/2022 13:44:10:260:Enviando Email Para: atendimentoti@grazziotin.com.br
---->31/05/2022 13:44:51:830:entrou no gera email
---->31/05/2022 14:03:38:729:entrou no gera email
---->31/05/2022 14:06:26:072:entrou no gera email
---->31/05/2022 14:40:52:550:entrou no gera email
---->31/05/2022 14:42:34:335:Enviando Email Para: atendimentoti@grazziotin.com.br
---->31/05/2022 14:49:21:447:entrou no gera email
---->31/05/2022 14:51:02:514:Enviando Email Para: atendimentoti@grazziotin.com.br
---->31/05/2022 14:51:06:614:entrou no gera email
---->31/05/2022 14:52:39:843:Enviando Email Para: atendimentoti@grazziotin.com.br
---->31/05/2022 15:40:53:344:entrou no gera email
---->31/05/2022 15:41:37:129:entrou no gera email
---->31/05/2022 15:42:06:255:entrou no gera email
---->31/05/2022 15:43:37:799:Enviando Email Para: atendimentoti@grazziotin.com.br
---->31/05/2022 15:44:00:862:entrou no gera email
---->31/05/2022 16:20:16:622:entrou no gera email
---->31/05/2022 16:25:14:468:EDatabaseError - qryLojas: Field 'Jaq_1' not found
---->31/05/2022 16:25:56:847:entrou no gera email
---->31/05/2022 16:27:32:098:EDatabaseError - qryLojas: Field 'Jaq_1' not found
---->31/05/2022 16:27:42:849:entrou no gera email
---->31/05/2022 16:31:35:784:entrou no gera email
---->31/05/2022 16:33:28:286:EDatabaseError - qryLojas: Field 'Jaq_11' not found
---->31/05/2022 16:34:06:676:entrou no gera email
---->31/05/2022 16:36:16:408:entrou no gera email
---->31/05/2022 16:37:57:608:EDatabaseError - qryLojas: Dataset not in edit or insert mode
---->31/05/2022 16:38:09:305:entrou no gera email
---->31/05/2022 16:40:10:615:EDatabaseError - qryLojas: Dataset not in edit or insert mode
---->31/05/2022 16:40:58:042:entrou no gera email
---->31/05/2022 16:43:02:478:EDatabaseError - qryLojas: Dataset not in edit or insert mode
---->31/05/2022 16:51:11:333:entrou no gera email
---->31/05/2022 16:52:33:158:EConvertError - '' is not a valid floating point value
---->31/05/2022 16:52:39:113:entrou no gera email
---->31/05/2022 16:54:08:961:EConvertError - '' is not a valid floating point value
---->31/05/2022 17:08:41:024:entrou no gera email
---->31/05/2022 17:13:02:254:Enviando Email Para: atendimentoti@grazziotin.com.br
---->31/05/2022 17:16:47:911:entrou no gera email
---->31/05/2022 17:18:25:528:Exception - SMTP Error: Unable to send MailTo.
501 5.1.3 Bad recipient address syntax
---->31/05/2022 17:18:53:271:entrou no gera email
---->31/05/2022 17:20:26:954:Enviando Email Para: atendimentoti@grazziotin.com.br
---->31/05/2022 17:21:47:335:entrou no gera email
---->31/05/2022 17:23:23:929:Exception - SMTP Error: Unable to send MailTo.
501 5.1.3 Bad recipient address syntax
---->31/05/2022 17:23:40:760:entrou no gera email
---->31/05/2022 17:25:22:650:Enviando Email Para: atendimentoti@grazziotin.com.br
---->01/06/2022 08:39:13:865:entrou no gera email
---->01/06/2022 08:40:42:279:Enviando Email Para: atendimentoti@grazziotin.com.br
---->01/06/2022 08:48:43:490:entrou no gera email
---->01/06/2022 08:50:15:855:Enviando Email Para: atendimentoti@grazziotin.com.br
---->01/06/2022 09:09:21:679:entrou no gera email
---->01/06/2022 09:17:28:316:entrou no gera email
---->01/06/2022 09:19:28:936:EDatabaseError - qryLojas: Field 'Dia' not found
---->01/06/2022 09:19:37:007:entrou no gera email
---->01/06/2022 09:22:26:188:entrou no gera email
---->01/06/2022 09:24:08:427:EDatabaseError - qryLojas: Field 'Dia' not found
---->01/06/2022 09:24:45:530:entrou no gera email
---->01/06/2022 09:26:46:863:EDatabaseError - qryLojas: Field 'Dia' not found
---->01/06/2022 09:29:01:433:entrou no gera email
---->01/06/2022 09:33:14:205:entrou no gera email
---->01/06/2022 09:35:25:034:entrou no gera email
---->01/06/2022 09:39:43:931:entrou no gera email
---->01/06/2022 09:42:04:734:entrou no gera email
---->01/06/2022 09:44:11:113:entrou no gera email
---->01/06/2022 10:29:16:873:entrou no gera email
---->01/06/2022 10:31:13:689:EDatabaseError - qryLojas: Field 'Dia' not found
---->01/06/2022 12:08:11:305:entrou no gera email
---->01/06/2022 13:58:53:581:entrou no gera email
---->01/06/2022 14:00:54:623:Enviando Email Para: atendimentoti@grazziotin.com.br
---->01/06/2022 14:36:25:588:entrou no gera email
---->01/06/2022 14:41:14:038:entrou no gera email
---->01/06/2022 14:44:19:485:Enviando Email Para: atendimentoti@grazziotin.com.br
---->01/06/2022 14:48:25:236:entrou no gera email
---->01/06/2022 14:50:18:851:Enviando Email Para: atendimentoti@grazziotin.com.br
---->01/06/2022 15:00:11:751:entrou no gera email
---->01/06/2022 15:02:04:854:Enviando Email Para: atendimentoti@grazziotin.com.br
---->01/06/2022 15:03:11:752:entrou no gera email
---->01/06/2022 15:05:08:961:Enviando Email Para: atendimentoti@grazziotin.com.br
---->01/06/2022 15:11:43:413:entrou no gera email
---->01/06/2022 15:18:54:286:Enviando Email Para: atendimentoti@grazziotin.com.br
---->01/06/2022 15:29:48:947:entrou no gera email
---->01/06/2022 15:31:49:188:Enviando Email Para: atendimentoti@grazziotin.com.br
---->01/06/2022 16:28:42:490:entrou no gera email
---->01/06/2022 16:31:02:327:Enviando Email Para: atendimentoti@grazziotin.com.br
---->01/06/2022 16:34:06:802:entrou no gera email
---->01/06/2022 16:36:01:858:Enviando Email Para: atendimentoti@grazziotin.com.br
---->01/06/2022 16:40:32:615:entrou no gera email
---->01/06/2022 16:42:31:843:Enviando Email Para: atendimentoti@grazziotin.com.br
---->01/06/2022 16:55:42:353:entrou no gera email
---->01/06/2022 16:57:37:665:Enviando Email Para: atendimentoti@grazziotin.com.br
---->01/06/2022 17:12:54:591:entrou no gera email
---->01/06/2022 17:14:44:320:Exception - SMTP Error: Unable to send MailTo.
501 5.1.3 Bad recipient address syntax
---->01/06/2022 17:15:24:620:entrou no gera email
---->01/06/2022 17:17:20:936:Enviando Email Para: atendimentoti@grazziotin.com.br
---->01/06/2022 17:36:46:565:entrou no gera email
---->01/06/2022 17:39:07:377:entrou no gera email
---->01/06/2022 17:41:09:273:EDatabaseError - qryLojas: Field 'Nome' not found
---->01/06/2022 17:41:12:213:entrou no gera email
---->01/06/2022 17:43:00:513:Enviando Email Para: atendimentoti@grazziotin.com.br
---->01/06/2022 17:43:50:728:entrou no gera email
---->01/06/2022 17:45:45:194:EDatabaseError - qryLojas: Field 'Vda jaq_3' not found
---->01/06/2022 17:47:03:038:entrou no gera email
---->01/06/2022 17:49:06:503:Enviando Email Para: atendimentoti@grazziotin.com.br
---->02/06/2022 08:12:30:622:entrou no gera email
---->02/06/2022 08:14:18:610:Enviando Email Para: atendimentoti@grazziotin.com.br
---->02/06/2022 08:14:21:799:entrou no gera email
---->02/06/2022 08:16:06:399:Enviando Email Para: atendimentoti@grazziotin.com.br
---->02/06/2022 08:26:19:210:entrou no gera email
---->02/06/2022 08:27:58:068:Enviando Email Para: atendimentoti@grazziotin.com.br
---->02/06/2022 08:27:58:070:entrou no gera email
---->02/06/2022 08:29:37:756:Enviando Email Para: atendimentoti@grazziotin.com.br
---->02/06/2022 09:08:57:840:entrou no gera email
---->02/06/2022 09:10:49:802:Enviando Email Para: atendimentoti@grazziotin.com.br
---->02/06/2022 09:10:49:807:entrou no gera email
---->02/06/2022 09:12:36:882:Enviando Email Para: atendimentoti@grazziotin.com.br
---->02/06/2022 09:14:28:343:entrou no gera email
---->02/06/2022 09:16:06:317:Enviando Email Para: atendimentoti@grazziotin.com.br
---->02/06/2022 09:16:06:321:entrou no gera email
---->02/06/2022 09:17:51:090:Enviando Email Para: atendimentoti@grazziotin.com.br
---->02/06/2022 09:23:05:804:entrou no gera email
---->02/06/2022 09:24:39:280:Exception - SMTP Error: Unable to send MailTo.
501 5.1.3 Bad recipient address syntax
---->02/06/2022 09:24:39:281:entrou no gera email
---->02/06/2022 09:26:11:725:Exception - SMTP Error: Unable to send MailTo.
501 5.1.3 Bad recipient address syntax
---->02/06/2022 09:27:02:428:entrou no gera email
---->02/06/2022 09:28:38:161:Exception - SMTP Error: Unable to send MailTo.
501 5.1.3 Bad recipient address syntax
---->02/06/2022 09:28:38:163:entrou no gera email
---->02/06/2022 09:30:16:649:Exception - SMTP Error: Unable to send MailTo.
501 5.1.3 Bad recipient address syntax
---->02/06/2022 09:30:41:516:entrou no gera email
---->02/06/2022 09:32:08:207:entrou no gera email
---->02/06/2022 09:32:23:625:Enviando Email Para: atendimentoti@grazziotin.com.br
---->02/06/2022 09:32:23:629:entrou no gera email
---->02/06/2022 09:34:04:403:Enviando Email Para: atendimentoti@grazziotin.com.br
---->02/06/2022 10:26:39:755:entrou no gera email
---->02/06/2022 10:28:32:268:Exception - SMTP Error: Unable to send MailTo.
501 5.1.3 Bad recipient address syntax
---->02/06/2022 10:28:32:269:entrou no gera email
---->02/06/2022 10:30:01:948:entrou no gera email
---->02/06/2022 10:31:45:292:Enviando Email Para: atendimentoti@grazziotin.com.br
---->02/06/2022 10:34:59:566:entrou no gera email
---->02/06/2022 10:36:48:743:Enviando Email Para: atendimentoti@grazziotin.com.br
---->02/06/2022 10:46:58:269:entrou no gera email
---->02/06/2022 10:48:59:518:Enviando Email Para: atendimentoti@grazziotin.com.br
---->02/06/2022 11:07:01:978:entrou no gera email
---->02/06/2022 11:08:51:598:EConvertError - '3.151.019' is not a valid floating point value
---->02/06/2022 11:09:59:713:entrou no gera email
---->02/06/2022 11:12:12:407:EConvertError - '3.151.019' is not a valid floating point value
---->02/06/2022 11:14:26:599:entrou no gera email
---->02/06/2022 11:16:55:095:Enviando Email Para: atendimentoti@grazziotin.com.br
---->02/06/2022 11:19:34:943:entrou no gera email
---->02/06/2022 11:21:34:155:Enviando Email Para: atendimentoti@grazziotin.com.br
---->02/06/2022 11:50:36:551:entrou no gera email
---->02/06/2022 11:52:43:335:EDatabaseError - qryRegioes: Field 'Vda _10' not found
---->02/06/2022 11:53:57:915:entrou no gera email
---->02/06/2022 11:57:05:868:EDatabaseError - qryRegioes: Field 'Vda _10' not found
---->02/06/2022 11:57:30:266:entrou no gera email
---->02/06/2022 12:01:34:329:Enviando Email Para: atendimentoti@grazziotin.com.br
---->02/06/2022 13:51:03:203:entrou no gera email
---->02/06/2022 13:53:06:791:Enviando Email Para: atendimentoti@grazziotin.com.br
---->02/06/2022 13:53:52:246:entrou no gera email
---->02/06/2022 13:55:48:030:Enviando Email Para: atendimentoti@grazziotin.com.br
---->02/06/2022 13:56:56:072:entrou no gera email
---->02/06/2022 13:58:55:936:Enviando Email Para: atendimentoti@grazziotin.com.br
---->02/06/2022 13:58:55:938:entrou no gera email
---->02/06/2022 14:00:56:670:EDatabaseError - qryLojas: Field 'Vda Loja-1' not found
---->02/06/2022 14:11:43:877:entrou no gera email
---->02/06/2022 14:13:36:428:Enviando Email Para: atendimentoti@grazziotin.com.br
---->02/06/2022 14:13:38:763:entrou no gera email
---->02/06/2022 14:16:16:741:entrou no gera email
---->02/06/2022 14:18:10:260:Enviando Email Para: atendimentoti@grazziotin.com.br
---->02/06/2022 14:18:10:264:entrou no gera email
---->02/06/2022 14:20:01:096:Enviando Email Para: atendimentoti@grazziotin.com.br
---->02/06/2022 14:23:50:950:entrou no gera email
---->02/06/2022 14:25:48:185:Exception - SMTP Error: Unable to send MailTo.
501 5.1.3 Bad recipient address syntax
---->02/06/2022 14:25:48:186:entrou no gera email
---->02/06/2022 14:26:28:760:entrou no gera email
---->02/06/2022 14:28:30:928:Enviando Email Para: atendimentoti@grazziotin.com.br
---->02/06/2022 14:28:30:931:entrou no gera email
---->02/06/2022 14:30:34:861:Enviando Email Para: atendimentoti@grazziotin.com.br
---->02/06/2022 14:49:23:102:entrou no gera email
---->02/06/2022 14:51:50:142:Enviando Email Para: atendimentoti@grazziotin.com.br
---->02/06/2022 14:51:50:146:entrou no gera email
---->02/06/2022 14:54:22:850:Enviando Email Para: atendimentoti@grazziotin.com.br
---->02/06/2022 15:11:10:627:entrou no gera email
---->02/06/2022 15:13:11:467:Enviando Email Para: atendimentoti@grazziotin.com.br
---->02/06/2022 15:13:11:472:entrou no gera email
---->02/06/2022 15:15:13:316:Enviando Email Para: atendimentoti@grazziotin.com.br
---->02/06/2022 15:23:01:288:entrou no gera email
---->02/06/2022 15:25:10:352:entrou no gera email
---->02/06/2022 15:27:11:013:Exception - SMTP Error: Unable to send MailTo.
501 5.1.3 Bad recipient address syntax
---->02/06/2022 15:27:11:015:entrou no gera email
---->02/06/2022 15:29:08:447:Exception - SMTP Error: Unable to send MailTo.
501 5.1.3 Bad recipient address syntax
---->02/06/2022 15:29:23:890:entrou no gera email
---->02/06/2022 15:31:25:047:Enviando Email Para: atendimentoti@grazziotin.com.br
---->02/06/2022 15:31:25:053:entrou no gera email
---->02/06/2022 15:33:27:912:Enviando Email Para: atendimentoti@grazziotin.com.br
---->02/06/2022 15:34:46:910:entrou no gera email
---->02/06/2022 15:36:45:569:Enviando Email Para: atendimentoti@grazziotin.com.br
---->02/06/2022 15:36:45:574:entrou no gera email
---->02/06/2022 15:38:41:712:Enviando Email Para: atendimentoti@grazziotin.com.br
---->02/06/2022 15:45:44:179:entrou no gera email
---->02/06/2022 15:47:42:554:Enviando Email Para: atendimentoti@grazziotin.com.br
---->02/06/2022 15:47:42:556:entrou no gera email
---->02/06/2022 15:49:31:515:Enviando Email Para: atendimentoti@grazziotin.com.br
---->02/06/2022 15:51:06:314:entrou no gera email
---->02/06/2022 15:52:48:294:Exception - SMTP Error: Unable to send MailTo.
501 5.1.3 Bad recipient address syntax
---->02/06/2022 15:52:48:295:entrou no gera email
---->02/06/2022 15:53:16:472:entrou no gera email
---->02/06/2022 15:55:03:420:Enviando Email Para: atendimentoti@grazziotin.com.br
---->02/06/2022 15:55:03:424:entrou no gera email
---->02/06/2022 15:56:57:159:Enviando Email Para: atendimentoti@grazziotin.com.br
---->02/06/2022 17:30:05:150:entrou no gera email
---->02/06/2022 17:32:05:856:Enviando Email Para: atendimentoti@grazziotin.com.br
---->02/06/2022 17:32:05:858:entrou no gera email
---->02/06/2022 17:34:00:715:Enviando Email Para: atendimentoti@grazziotin.com.br
---->03/06/2022 08:12:47:474:entrou no gera email
---->03/06/2022 08:15:36:854:Enviando Email Para: atendimentoti@grazziotin.com.br
---->03/06/2022 08:15:36:860:entrou no gera email
---->03/06/2022 08:17:27:023:Enviando Email Para: atendimentoti@grazziotin.com.br
---->03/06/2022 08:20:40:804:entrou no gera email
---->03/06/2022 08:51:03:032:Exception - SMTP Error: Unable to send MailTo.
501 5.1.3 Bad recipient address syntax
---->03/06/2022 08:51:03:034:entrou no gera email
---->03/06/2022 09:02:28:524:Exception - SMTP Error: Unable to send MailTo.
501 5.1.3 Bad recipient address syntax
---->03/06/2022 09:23:58:739:entrou no gera email
---->03/06/2022 09:26:02:335:Enviando Email Para: atendimentoti@grazziotin.com.br
---->03/06/2022 09:26:02:339:entrou no gera email
---->03/06/2022 09:28:25:829:Enviando Email Para: atendimentoti@grazziotin.com.br
---->03/06/2022 13:47:57:314:entrou no gera email
---->03/06/2022 13:49:53:751:Enviando Email Para: atendimentoti@grazziotin.com.br
---->03/06/2022 13:49:53:752:entrou no gera email
---->03/06/2022 13:51:44:334:Enviando Email Para: atendimentoti@grazziotin.com.br
---->03/06/2022 15:19:20:693:entrou no gera email
---->03/06/2022 15:21:06:575:entrou no gera email
---->03/06/2022 15:23:18:024:Enviando Email Para: atendimentoti@grazziotin.com.br
---->03/06/2022 15:23:18:028:entrou no gera email
---->03/06/2022 15:26:30:880:entrou no gera email
---->03/06/2022 15:31:06:831:entrou no gera email
---->03/06/2022 15:42:12:319:entrou no gera email
---->03/06/2022 15:43:08:778:entrou no gera email
---->03/06/2022 15:47:56:862:entrou no gera email
---->03/06/2022 15:55:39:221:entrou no gera email
---->03/06/2022 16:10:38:342:entrou no gera email
---->03/06/2022 16:17:03:589:EDatabaseError - qry2: Field 'Dia' not found
---->03/06/2022 16:18:29:220:entrou no gera email
---->03/06/2022 16:32:17:824:Enviando Email Para: atendimentoti@grazziotin.com.br
---->03/06/2022 17:09:12:633:entrou no gera email
---->03/06/2022 17:15:31:863:EDatabaseError - qry2: Field 'Data' not found
---->06/06/2022 08:12:18:701:entrou no gera email
---->06/06/2022 08:14:22:286:entrou no gera email
---->06/06/2022 08:56:08:462:entrou no gera email
---->06/06/2022 08:59:36:822:entrou no gera email
---->06/06/2022 09:30:37:726:EInvalidOp - Invalid floating point operation
---->06/06/2022 09:30:51:903:entrou no gera email
---->06/06/2022 09:32:47:278:EInvalidOp - Invalid floating point operation
---->06/06/2022 12:09:15:891:entrou no gera email
---->06/06/2022 12:15:48:564:entrou no gera email
---->06/06/2022 13:23:49:394:EInvalidOp - Invalid floating point operation
---->06/06/2022 13:25:57:443:entrou no gera email
---->06/06/2022 13:31:54:440:EInvalidOp - Invalid floating point operation
---->06/06/2022 13:32:15:527:entrou no gera email
---->06/06/2022 13:46:36:097:entrou no gera email
---->06/06/2022 13:50:31:532:Enviando Email Para: atendimentoti@grazziotin.com.br
---->06/06/2022 14:17:33:328:entrou no gera email
---->06/06/2022 14:21:29:349:Enviando Email Para: atendimentoti@grazziotin.com.br
---->06/06/2022 14:21:29:355:entrou no gera email
---->06/06/2022 14:24:16:898:Enviando Email Para: atendimentoti@grazziotin.com.br
---->07/06/2022 08:10:23:397:entrou no gera email
---->07/06/2022 08:15:12:886:Enviando Email Para: atendimentoti@grazziotin.com.br
---->07/06/2022 08:15:15:091:entrou no gera email
---->07/06/2022 08:17:44:343:Enviando Email Para: atendimentoti@grazziotin.com.br
---->07/06/2022 08:20:47:972:entrou no gera email
---->07/06/2022 08:22:52:890:entrou no gera email
---->07/06/2022 09:02:40:732:Enviando Email Para: atendimentoti@grazziotin.com.br
---->07/06/2022 09:02:40:732:entrou no gera email
---->07/06/2022 09:05:14:291:Enviando Email Para: atendimentoti@grazziotin.com.br
---->07/06/2022 09:09:40:041:entrou no gera email
---->07/06/2022 09:19:26:219:entrou no gera email
---->07/06/2022 09:25:35:231:entrou no gera email
---->07/06/2022 09:36:53:694:entrou no gera email
---->07/06/2022 09:41:21:317:Enviando Email Para: atendimentoti@grazziotin.com.br
---->07/06/2022 09:41:21:323:entrou no gera email
---->07/06/2022 09:43:19:164:entrou no gera email
---->07/06/2022 09:47:18:387:Enviando Email Para: atendimentoti@grazziotin.com.br
---->07/06/2022 09:47:18:389:entrou no gera email
---->07/06/2022 09:50:33:846:Enviando Email Para: atendimentoti@grazziotin.com.br
---->07/06/2022 10:19:48:209:entrou no gera email
---->07/06/2022 10:26:37:358:entrou no gera email
---->07/06/2022 10:31:06:890:Enviando Email Para: atendimentoti@grazziotin.com.br
---->07/06/2022 10:33:14:548:entrou no gera email
---->07/06/2022 10:36:53:159:Enviando Email Para: atendimentoti@grazziotin.com.br
---->07/06/2022 10:38:26:715:entrou no gera email
---->07/06/2022 10:42:21:386:EOutOfMemory - Out of memory
---->07/06/2022 10:43:16:775:entrou no gera email
---->07/06/2022 10:49:26:608:EOutOfMemory - Out of memory
---->07/06/2022 10:50:22:310:entrou no gera email
---->07/06/2022 10:57:01:655:EOutOfMemory - Out of memory
---->07/06/2022 11:02:15:488:entrou no gera email
---->07/06/2022 11:06:00:188:Enviando Email Para: atendimentoti@grazziotin.com.br
---->07/06/2022 11:06:22:846:entrou no gera email
---->07/06/2022 11:10:34:262:Enviando Email Para: atendimentoti@grazziotin.com.br
---->07/06/2022 11:12:35:986:entrou no gera email
---->07/06/2022 11:18:04:172:Enviando Email Para: atendimentoti@grazziotin.com.br
---->07/06/2022 11:37:47:740:entrou no gera email
---->07/06/2022 12:06:05:993:entrou no gera email
---->07/06/2022 12:09:15:075:entrou no gera email
---->07/06/2022 12:13:57:075:EOutOfMemory - Out of memory
---->07/06/2022 15:05:32:900:entrou no gera email
---->07/06/2022 15:14:30:282:entrou no gera email
---->07/06/2022 15:16:24:063:entrou no gera email
---->07/06/2022 15:20:08:790:EOutOfMemory - Out of memory
---->07/06/2022 15:34:29:062:entrou no gera email
---->07/06/2022 15:48:22:320:entrou no gera email
---->07/06/2022 15:52:33:873:Enviando Email Para: atendimentoti@grazziotin.com.br
---->07/06/2022 15:53:23:279:entrou no gera email
---->07/06/2022 15:57:12:122:Enviando Email Para: atendimentoti@grazziotin.com.br
---->07/06/2022 16:39:31:670:entrou no gera email
---->07/06/2022 16:44:12:415:Exception - SMTP Error: Unable to send MailTo.
501 5.1.3 Bad recipient address syntax
---->07/06/2022 16:44:48:961:entrou no gera email
---->07/06/2022 16:49:40:272:Enviando Email Para: atendimentoti@grazziotin.com.br
---->07/06/2022 16:53:45:675:entrou no gera email
---->07/06/2022 16:57:32:236:Enviando Email Para: atendimentoti@grazziotin.com.br
---->08/06/2022 08:24:27:957:entrou no gera email
---->08/06/2022 08:27:13:748:EOutOfMemory - Out of memory
---->08/06/2022 08:32:01:904:entrou no gera email
---->08/06/2022 08:34:26:988:EOutOfMemory - Out of memory
---->08/06/2022 08:35:29:414:entrou no gera email
---->08/06/2022 08:37:36:462:EOutOfMemory - Out of memory
---->08/06/2022 08:37:46:941:entrou no gera email
---->08/06/2022 08:45:27:429:entrou no gera email
---->08/06/2022 08:49:04:827:Enviando Email Para: atendimentoti@grazziotin.com.br
---->08/06/2022 08:52:38:963:entrou no gera email
---->08/06/2022 08:55:16:037:Enviando Email Para: atendimentoti@grazziotin.com.br
---->08/06/2022 10:02:58:902:entrou no gera email
---->08/06/2022 10:07:25:361:Enviando Email Para: atendimentoti@grazziotin.com.br
---->08/06/2022 10:08:08:264:entrou no gera email
---->08/06/2022 10:10:49:770:Enviando Email Para: atendimentoti@grazziotin.com.br
---->08/06/2022 10:18:34:240:entrou no gera email
---->08/06/2022 10:24:06:780:Enviando Email Para: atendimentoti@grazziotin.com.br
---->08/06/2022 10:29:14:018:entrou no gera email
---->08/06/2022 10:30:46:385:entrou no gera email
---->08/06/2022 10:33:25:903:Enviando Email Para: atendimentoti@grazziotin.com.br
---->08/06/2022 10:33:25:905:entrou no gera email
---->08/06/2022 10:39:49:059:entrou no gera email
---->08/06/2022 10:42:49:728:Enviando Email Para: atendimentoti@grazziotin.com.br
---->08/06/2022 10:42:49:729:entrou no gera email
---->08/06/2022 10:45:39:072:Enviando Email Para: atendimentoti@grazziotin.com.br
---->08/06/2022 14:30:03:440:entrou no gera email
---->08/06/2022 14:33:17:020:Enviando Email Para: atendimentoti@grazziotin.com.br
---->08/06/2022 14:33:17:021:entrou no gera email
---->08/06/2022 14:35:58:629:Enviando Email Para: atendimentoti@grazziotin.com.br
---->08/06/2022 14:39:47:343:entrou no gera email
---->08/06/2022 14:42:40:170:Enviando Email Para: atendimentoti@grazziotin.com.br
---->08/06/2022 14:42:40:175:entrou no gera email
---->08/06/2022 14:46:31:703:entrou no gera email
---->08/06/2022 14:56:22:135:Enviando Email Para: atendimentoti@grazziotin.com.br
---->08/06/2022 14:56:22:135:entrou no gera email
---->08/06/2022 15:01:47:959:entrou no gera email
---->08/06/2022 15:04:42:099:Enviando Email Para: atendimentoti@grazziotin.com.br
---->08/06/2022 15:04:42:101:entrou no gera email
---->08/06/2022 15:07:46:898:Enviando Email Para: atendimentoti@grazziotin.com.br
---->08/06/2022 15:30:08:613:entrou no gera email
---->08/06/2022 15:33:25:843:EDatabaseError - qry2: Field 'Data' not found
---->08/06/2022 15:33:25:844:entrou no gera email
---->08/06/2022 15:36:26:588:EDatabaseError - qry2: Field 'Data' not found
---->08/06/2022 15:39:37:752:entrou no gera email
---->08/06/2022 15:43:05:037:EDatabaseError - qry2: Field 'Data' not found
---->08/06/2022 15:43:05:052:entrou no gera email
---->08/06/2022 15:44:36:837:entrou no gera email
---->08/06/2022 15:47:53:684:EOutOfMemory - Out of memory
---->08/06/2022 15:47:53:754:entrou no gera email
---->08/06/2022 15:50:35:636:Enviando Email Para: atendimentoti@grazziotin.com.br
---->08/06/2022 15:50:50:074:entrou no gera email
---->08/06/2022 16:25:07:594:entrou no gera email
---->08/06/2022 16:28:46:810:entrou no gera email
---->08/06/2022 16:31:45:061:EOutOfMemory - Out of memory
---->08/06/2022 16:31:45:131:entrou no gera email
---->08/06/2022 16:33:17:549:entrou no gera email
---->08/06/2022 16:34:44:887:Enviando Email Para: atendimentoti@grazziotin.com.br
---->08/06/2022 16:36:27:159:entrou no gera email
---->08/06/2022 16:41:00:640:EOutOfMemory - Out of memory
---->08/06/2022 16:41:23:034:entrou no gera email
---->08/06/2022 16:49:15:492:EOutOfMemory - Out of memory
---->08/06/2022 16:49:19:442:entrou no gera email
---->08/06/2022 16:52:14:042:Enviando Email Para: atendimentoti@grazziotin.com.br
---->09/06/2022 08:08:45:554:entrou no gera email
---->09/06/2022 08:13:40:055:EOutOfMemory - Out of memory
---->09/06/2022 08:14:39:338:entrou no gera email
---->09/06/2022 08:19:18:150:entrou no gera email
---->09/06/2022 08:21:35:782:Enviando Email Para: atendimentoti@grazziotin.com.br
---->09/06/2022 08:22:05:861:entrou no gera email
---->09/06/2022 08:24:56:609:EOutOfMemory - Out of memory
---->09/06/2022 08:56:02:166:entrou no gera email
---->09/06/2022 08:58:52:257:Exception - SMTP Error: Unable to send Mail data.
552 5.3.4 Error: message file too big
503 5.5.1 Error: need RCPT command
---->09/06/2022 10:02:30:235:entrou no gera email
---->09/06/2022 10:03:17:312:entrou no gera email
---->09/06/2022 10:05:46:349:entrou no gera email
---->09/06/2022 10:16:05:732:entrou no gera email
---->09/06/2022 10:19:06:465:entrou no gera email
---->09/06/2022 10:22:35:111:entrou no gera email
---->09/06/2022 10:26:31:710:Enviando Email Para: atendimentoti@grazziotin.com.br
---->09/06/2022 10:27:31:641:entrou no gera email
---->09/06/2022 10:37:55:506:entrou no gera email
---->09/06/2022 10:40:43:904:Exception - SMTP Error: Unable to send MailTo.
501 5.1.3 Bad recipient address syntax
---->09/06/2022 10:40:51:303:entrou no gera email
---->09/06/2022 10:43:58:727:Enviando Email Para: atendimentoti@grazziotin.com.br
---->09/06/2022 10:47:11:770:entrou no gera email
---->09/06/2022 10:50:07:471:Exception - SMTP Error: Unable to send MailTo.
501 5.1.3 Bad recipient address syntax
---->09/06/2022 10:50:11:556:entrou no gera email
---->09/06/2022 10:53:22:556:Enviando Email Para: atendimentoti@grazziotin.com.br
---->09/06/2022 11:08:23:533:entrou no gera email
---->09/06/2022 11:16:28:152:Enviando Email Para: atendimentoti@grazziotin.com.br
---->09/06/2022 11:28:46:446:entrou no gera email
---->09/06/2022 11:35:35:739:Enviando Email Para: atendimentoti@grazziotin.com.br
---->09/06/2022 11:51:50:326:entrou no gera email
---->09/06/2022 11:54:01:055:Enviando Email Para: atendimentoti@grazziotin.com.br
---->09/06/2022 11:54:01:058:entrou no gera email
---->09/06/2022 11:56:05:426:Enviando Email Para: atendimentoti@grazziotin.com.br
---->09/06/2022 14:08:32:382:entrou no gera email
---->09/06/2022 14:11:51:480:Enviando Email Para: atendimentoti@grazziotin.com.br
---->09/06/2022 14:11:51:485:entrou no gera email
---->09/06/2022 14:14:54:969:Enviando Email Para: atendimentoti@grazziotin.com.br
---->09/06/2022 14:32:03:126:entrou no gera email
---->09/06/2022 14:34:43:381:Exception - SMTP Error: Unable to send MailTo.
501 5.1.3 Bad recipient address syntax
---->09/06/2022 14:34:43:382:entrou no gera email
---->09/06/2022 15:12:59:212:entrou no gera email
---->09/06/2022 15:17:01:826:entrou no gera email
---->09/06/2022 15:19:42:991:Exception - SMTP Error: Unable to send MailTo.
501 5.1.3 Bad recipient address syntax
---->09/06/2022 15:19:42:992:entrou no gera email
---->09/06/2022 15:22:16:775:Exception - SMTP Error: Unable to send MailTo.
501 5.1.3 Bad recipient address syntax
---->09/06/2022 15:23:23:104:entrou no gera email
---->09/06/2022 15:26:09:146:Exception - SMTP Error: Unable to send MailTo.
501 5.1.3 Bad recipient address syntax
---->09/06/2022 15:26:54:846:entrou no gera email
---->09/06/2022 15:32:17:317:Exception - SMTP Error: Unable to send MailTo.
501 5.1.3 Bad recipient address syntax
---->09/06/2022 15:32:21:627:entrou no gera email
---->09/06/2022 15:35:17:253:Enviando Email Para: atendimentoti@grazziotin.com.br
---->09/06/2022 15:35:19:344:entrou no gera email
---->09/06/2022 15:38:19:249:Enviando Email Para: atendimentoti@grazziotin.com.br
---->09/06/2022 16:13:43:685:entrou no gera email
---->09/06/2022 17:09:39:635:Enviando Email Para: atendimentoti@grazziotin.com.br
---->09/06/2022 17:12:34:044:entrou no gera email
---->09/06/2022 17:16:02:022:Enviando Email Para: atendimentoti@grazziotin.com.br
---->09/06/2022 17:28:35:397:entrou no gera email
---->09/06/2022 17:28:56:777:entrou no gera email
---->09/06/2022 17:32:06:148:Enviando Email Para: atendimentoti@grazziotin.com.br
---->09/06/2022 17:39:52:807:entrou no gera email
---->09/06/2022 17:42:52:322:Enviando Email Para: atendimentoti@grazziotin.com.br
---->09/06/2022 17:43:09:542:entrou no gera email
---->09/06/2022 17:46:05:266:Enviando Email Para: atendimentoti@grazziotin.com.br
---->13/06/2022 10:15:23:970:entrou no gera email
---->13/06/2022 10:22:42:072:Exception - SMTP Error: Unable to send MailTo.
501 5.1.3 Bad recipient address syntax
---->13/06/2022 10:22:42:073:entrou no gera email
---->13/06/2022 10:28:17:390:entrou no gera email
---->13/06/2022 10:39:52:925:entrou no gera email
---->13/06/2022 10:47:58:716:Enviando Email Para: atendimentoti@grazziotin.com.br
---->13/06/2022 10:47:58:717:entrou no gera email
---->13/06/2022 10:55:17:878:Enviando Email Para: atendimentoti@grazziotin.com.br
---->13/06/2022 15:35:52:514:entrou no gera email
---->13/06/2022 15:53:33:084:Enviando Email Para: atendimentoti@grazziotin.com.br
---->14/06/2022 08:08:38:323:entrou no gera email
---->14/06/2022 08:12:32:191:entrou no gera email
---->14/06/2022 08:17:28:801:Enviando Email Para: atendimentoti@grazziotin.com.br
---->14/06/2022 08:17:28:805:entrou no gera email
---->14/06/2022 08:22:22:696:Enviando Email Para: atendimentoti@grazziotin.com.br
---->23/06/2022 14:21:44:978:Exception - Add Attachment: File not Exists.
---->23/06/2022 14:22:15:021:Exception - SMTP Error: Unable to send MailTo.
501 5.1.3 Bad recipient address syntax
---->23/06/2022 14:46:10:042:Enviando Email Para: atendimentoti@grazziotin.com.br
---->23/06/2022 14:51:11:617:Enviando Email Para: atendimentoti@grazziotin.com.br
---->23/06/2022 15:23:07:372:Enviando Email Para: atendimentoti@grazziotin.com.br
---->23/06/2022 15:25:04:701:Enviando Email Para: atendimentoti@grazziotin.com.br
---->23/06/2022 15:34:32:167:Enviando Email Para: atendimentoti@grazziotin.com.br
---->23/06/2022 15:35:46:357:Enviando Email Para: atendimentoti@grazziotin.com.br
---->23/06/2022 15:39:58:974:Enviando Email Para: atendimentoti@grazziotin.com.br
---->23/06/2022 15:57:23:398:Enviando Email Para: atendimentoti@grazziotin.com.br
